2022-04-08 11:58:37 INFO: Loading these models for language: ta (Tamil):
=======================================
| Processor | Package                 |
---------------------------------------
| tokenize  | /home/azur...kenizer.pt |
| mwt       | /home/azur...zhi_mwt.pt |
| pos       | /home/azur...zhi_pos.pt |
| lemma     | /home/azur...i_lemma.pt |
| depparse  | /home/azur...epparse.pt |
=======================================

<<<<<<< HEAD
2022-04-08 11:53:08 INFO: Use device: cpu
2022-04-08 11:53:08 INFO: Loading: tokenize
2022-04-08 11:53:09 INFO: Loading: mwt
2022-04-08 11:53:09 INFO: Loading: pos
2022-04-08 11:53:13 INFO: Loading: lemma
2022-04-08 11:53:13 INFO: Loading: depparse
2022-04-08 11:53:15 INFO: Done loading processors!
2022-04-09 02:48:28 INFO: Loading these models for language: ta (Tamil):
=======================================
| Processor | Package                 |
---------------------------------------
| tokenize  | /root/tham...kenizer.pt |
| mwt       | /root/tham...zhi_mwt.pt |
| pos       | /root/tham...zhi_pos.pt |
| lemma     | /root/tham...i_lemma.pt |
| depparse  | /root/tham...epparse.pt |
=======================================

2022-04-09 02:48:28 INFO: Use device: gpu
2022-04-09 02:48:28 INFO: Loading: tokenize
2022-04-09 02:48:30 INFO: Loading: mwt
2022-04-09 02:48:30 INFO: Loading: pos
2022-04-09 02:48:32 INFO: Loading: lemma
2022-04-09 02:48:33 INFO: Loading: depparse
2022-04-09 02:48:33 INFO: Done loading processors!
2022-04-09 17:07:58 INFO: Loading these models for language: ta (Tamil):
=======================================
| Processor | Package                 |
---------------------------------------
| tokenize  | /root/tham...kenizer.pt |
| mwt       | /root/tham...zhi_mwt.pt |
| pos       | /root/tham...zhi_pos.pt |
| lemma     | /root/tham...i_lemma.pt |
| depparse  | /root/tham...epparse.pt |
=======================================

2022-04-09 17:07:58 INFO: Use device: gpu
2022-04-09 17:07:58 INFO: Loading: tokenize
2022-04-09 17:08:08 INFO: Loading: mwt
2022-04-09 17:08:08 INFO: Loading: pos
2022-04-09 17:08:10 INFO: Loading: lemma
2022-04-09 17:08:10 INFO: Loading: depparse
2022-04-09 17:08:11 INFO: Done loading processors!
=======
2022-04-08 11:58:37 INFO: Use device: cpu
2022-04-08 11:58:37 INFO: Loading: tokenize
2022-04-08 11:58:37 INFO: Loading: mwt
2022-04-08 11:58:37 INFO: Loading: pos
2022-04-08 11:58:42 INFO: Loading: lemma
2022-04-08 11:58:42 INFO: Loading: depparse
2022-04-08 11:58:43 INFO: Done loading processors!
>>>>>>> ecf153df537177dd1f55f95ae80729576c48e321
